TN:
SF:C:\dev\project\web\fairsharing.github.io\src\App.vue
FNF:0
FNH:0
DA:14,1
DA:15,1
LF:2
LH:2
BRF:0
BRH:0
end_of_record
TN:
SF:C:\dev\project\web\fairsharing.github.io\src\components\Client\RESTClient.js
FN:9,(anonymous_0)
FN:30,(anonymous_1)
FN:53,(anonymous_2)
FN:70,(anonymous_3)
FN:86,(anonymous_4)
FN:102,(anonymous_5)
FN:119,(anonymous_6)
FN:136,(anonymous_7)
FNF:8
FNH:8
FNDA:14,(anonymous_0)
FNDA:5,(anonymous_1)
FNDA:3,(anonymous_2)
FNDA:3,(anonymous_3)
FNDA:2,(anonymous_4)
FNDA:2,(anonymous_5)
FNDA:3,(anonymous_6)
FNDA:1,(anonymous_7)
DA:10,14
DA:11,5
DA:13,9
DA:14,9
DA:15,9
DA:31,5
DA:32,5
DA:38,5
DA:44,5
DA:45,5
DA:54,3
DA:55,3
DA:56,3
DA:61,3
DA:62,3
DA:71,3
DA:77,3
DA:78,3
DA:87,2
DA:93,2
DA:94,2
DA:103,2
DA:104,2
DA:105,2
DA:110,2
DA:111,2
DA:120,3
DA:121,3
DA:122,3
DA:127,3
DA:128,3
DA:137,1
DA:138,1
DA:141,1
LF:34
LH:34
BRDA:10,0,0,5
BRDA:10,0,1,9
BRF:2
BRH:2
end_of_record
TN:
SF:C:\dev\project\web\fairsharing.github.io\src\components\GraphClient\GraphClient.js
FN:10,(anonymous_0)
FN:29,(anonymous_1)
FN:51,(anonymous_2)
FN:67,(anonymous_3)
FN:74,(anonymous_4)
FN:83,(anonymous_5)
FN:95,(anonymous_6)
FN:101,(anonymous_7)
FNF:8
FNH:8
FNDA:19,(anonymous_0)
FNDA:16,(anonymous_1)
FNDA:9,(anonymous_2)
FNDA:67,(anonymous_3)
FNDA:18,(anonymous_4)
FNDA:6,(anonymous_5)
FNDA:173,(anonymous_6)
FNDA:184,(anonymous_7)
DA:1,8
DA:11,19
DA:12,11
DA:14,8
DA:15,8
DA:16,8
DA:30,16
DA:31,16
DA:34,16
DA:35,16
DA:36,7
DA:37,2
DA:39,5
DA:42,2
DA:52,9
DA:53,9
DA:59,9
DA:68,67
DA:69,67
DA:72,67
DA:73,6
DA:74,6
DA:75,18
DA:76,7
DA:78,11
DA:79,8
DA:82,3
DA:83,3
DA:84,6
DA:86,3
DA:89,6
DA:93,67
DA:94,66
DA:95,66
DA:96,173
DA:97,138
DA:99,173
DA:100,35
DA:101,35
DA:102,184
DA:103,135
DA:106,49
DA:109,35
DA:112,66
DA:114,67
LF:45
LH:45
BRDA:11,0,0,11
BRDA:11,0,1,8
BRDA:36,1,0,2
BRDA:36,1,1,5
BRDA:72,2,0,6
BRDA:72,2,1,61
BRDA:75,3,0,7
BRDA:75,3,1,11
BRDA:75,4,0,18
BRDA:75,4,1,13
BRDA:78,5,0,8
BRDA:78,5,1,3
BRDA:93,6,0,66
BRDA:93,6,1,1
BRDA:96,7,0,138
BRDA:96,7,1,35
BRDA:99,8,0,35
BRDA:99,8,1,138
BRDA:102,9,0,135
BRDA:102,9,1,49
BRF:20
BRH:20
end_of_record
TN:
SF:C:\dev\project\web\fairsharing.github.io\src\components\Navigation\NavbarTop.vue
FNF:0
FNH:0
DA:65,2
LF:1
LH:1
BRF:0
BRH:0
end_of_record
TN:
SF:C:\dev\project\web\fairsharing.github.io\src\components\Records\Facets.vue
FN:69,(anonymous_1)
FN:75,(anonymous_2)
FN:77,(anonymous_3)
FN:89,(anonymous_4)
FN:98,(anonymous_5)
FN:116,(anonymous_6)
FNF:6
FNH:6
FNDA:5,(anonymous_1)
FNDA:19,(anonymous_2)
FNDA:38,(anonymous_3)
FNDA:1,(anonymous_4)
FNDA:3,(anonymous_5)
FNDA:62,(anonymous_6)
DA:60,3
DA:70,5
DA:76,19
DA:77,19
DA:78,38
DA:80,19
DA:90,1
DA:91,1
DA:99,3
DA:100,3
DA:103,3
DA:104,2
DA:105,2
DA:117,62
DA:118,41
DA:120,21
LF:16
LH:16
BRDA:103,0,0,2
BRDA:103,0,1,1
BRDA:117,1,0,41
BRDA:117,1,1,21
BRF:4
BRH:4
end_of_record
TN:
SF:C:\dev\project\web\fairsharing.github.io\src\components\Records\FiltersChip.vue
FN:31,(anonymous_1)
FN:34,(anonymous_2)
FN:59,(anonymous_3)
FN:73,(anonymous_4)
FN:76,(anonymous_5)
FNF:5
FNH:5
FNDA:2,(anonymous_1)
FNDA:6,(anonymous_2)
FNDA:1,(anonymous_3)
FNDA:3,(anonymous_4)
FNDA:9,(anonymous_5)
DA:23,3
DA:32,2
DA:33,2
DA:34,2
DA:35,6
DA:36,4
DA:38,4
DA:39,2
DA:42,2
DA:44,4
DA:50,2
DA:60,1
DA:61,1
DA:62,1
DA:74,3
DA:75,3
DA:76,3
DA:77,9
DA:78,6
DA:81,3
DA:82,2
DA:83,2
DA:84,1
DA:86,2
DA:90,3
DA:91,3
LF:26
LH:26
BRDA:35,0,0,4
BRDA:35,0,1,2
BRDA:38,1,0,2
BRDA:38,1,1,2
BRDA:77,2,0,6
BRDA:77,2,1,3
BRDA:81,3,0,2
BRDA:81,3,1,1
BRDA:83,4,0,1
BRDA:83,4,1,1
BRF:10
BRH:10
end_of_record
TN:
SF:C:\dev\project\web\fairsharing.github.io\src\components\Records\Pagination.vue
FN:59,(anonymous_1)
FN:65,(anonymous_2)
FN:68,(anonymous_3)
FN:77,(anonymous_4)
FN:86,(anonymous_5)
FN:91,(anonymous_6)
FN:104,(anonymous_7)
FN:110,(anonymous_8)
FNF:8
FNH:8
FNDA:8,(anonymous_1)
FNDA:11,(anonymous_2)
FNDA:8,(anonymous_3)
FNDA:8,(anonymous_4)
FNDA:6,(anonymous_5)
FNDA:2,(anonymous_6)
FNDA:2,(anonymous_7)
FNDA:2,(anonymous_8)
DA:60,8
DA:66,11
DA:69,8
DA:70,8
DA:71,5
DA:73,3
DA:78,8
DA:79,8
DA:87,6
DA:88,2
DA:89,2
DA:90,2
DA:91,2
DA:92,2
DA:94,2
DA:95,2
DA:105,2
DA:111,2
LF:18
LH:18
BRDA:70,0,0,5
BRDA:70,0,1,3
BRDA:79,1,0,5
BRDA:79,1,1,3
BRDA:87,2,0,2
BRDA:87,2,1,4
BRF:6
BRH:6
end_of_record
TN:
SF:C:\dev\project\web\fairsharing.github.io\src\components\Records\SearchFilters.vue
FN:76,(anonymous_1)
FN:91,(anonymous_2)
FN:94,(anonymous_3)
FN:111,(anonymous_4)
FN:120,(anonymous_5)
FN:133,(anonymous_6)
FN:136,(anonymous_7)
FNF:7
FNH:7
FNDA:5,(anonymous_1)
FNDA:2,(anonymous_2)
FNDA:3,(anonymous_3)
FNDA:1,(anonymous_4)
FNDA:47,(anonymous_5)
FNDA:33,(anonymous_6)
FNDA:44,(anonymous_7)
DA:66,3
DA:77,5
DA:92,2
DA:93,2
DA:94,2
DA:96,3
DA:97,3
DA:98,3
DA:99,1
DA:102,2
DA:106,2
DA:112,1
DA:113,1
DA:121,47
DA:122,47
DA:123,24
DA:124,24
DA:126,47
DA:134,33
DA:135,33
DA:136,33
DA:137,44
DA:139,33
LF:23
LH:23
BRDA:98,0,0,1
BRDA:98,0,1,2
BRDA:122,1,0,24
BRDA:122,1,1,23
BRF:4
BRH:4
end_of_record
TN:
SF:C:\dev\project\web\fairsharing.github.io\src\components\Records\SearchOutputGrid.vue
FNF:0
FNH:0
DA:49,3
LF:1
LH:1
BRF:0
BRH:0
end_of_record
TN:
SF:C:\dev\project\web\fairsharing.github.io\src\components\Records\SearchOutputTable.vue
FN:39,(anonymous_1)
FN:45,(anonymous_2)
FNF:2
FNH:2
FNDA:1,(anonymous_1)
FNDA:1,(anonymous_2)
DA:40,1
DA:46,1
LF:2
LH:2
BRF:0
BRH:0
end_of_record
TN:
SF:C:\dev\project\web\fairsharing.github.io\src\components\Records\utils.js
FN:1,(anonymous_0)
FN:5,(anonymous_1)
FNF:2
FNH:2
FNDA:3,(anonymous_0)
FNDA:2,(anonymous_1)
DA:1,3
DA:2,3
DA:3,3
DA:5,3
DA:6,2
DA:9,3
DA:10,2
DA:12,2
DA:13,1
DA:17,1
DA:19,3
LF:11
LH:11
BRDA:9,0,0,2
BRDA:9,0,1,1
BRDA:12,1,0,1
BRDA:12,1,1,1
BRF:4
BRH:4
end_of_record
TN:
SF:C:\dev\project\web\fairsharing.github.io\src\components\Users\Register.vue
FN:95,(anonymous_1)
FN:106,(anonymous_2)
FN:112,(anonymous_3)
FNF:3
FNH:3
FNDA:5,(anonymous_1)
FNDA:4,(anonymous_2)
FNDA:16,(anonymous_3)
DA:89,2
DA:91,2
DA:96,5
DA:107,4
DA:108,4
DA:109,4
DA:110,4
DA:111,4
DA:112,4
DA:113,16
DA:114,3
DA:115,3
DA:118,4
DA:119,3
DA:120,1
DA:121,1
DA:124,4
DA:125,2
DA:131,2
DA:132,2
DA:133,1
DA:134,1
DA:137,1
LF:23
LH:23
BRDA:113,0,0,3
BRDA:113,0,1,13
BRDA:118,1,0,3
BRDA:118,1,1,1
BRDA:119,2,0,1
BRDA:119,2,1,2
BRDA:124,3,0,2
BRDA:124,3,1,2
BRDA:132,4,0,1
BRDA:132,4,1,1
BRF:10
BRH:10
end_of_record
TN:
SF:C:\dev\project\web\fairsharing.github.io\src\router\index.js
FN:167,(anonymous_0)
FN:181,(anonymous_1)
FN:194,beforeEach
FN:199,isLoggedIn
FNF:4
FNH:4
FNDA:1,(anonymous_0)
FNDA:25,(anonymous_1)
FNDA:2,beforeEach
FNDA:2,isLoggedIn
DA:30,1
DA:32,1
DA:168,1
DA:181,1
DA:182,25
DA:183,24
DA:189,1
DA:195,2
DA:196,2
DA:200,2
DA:201,1
DA:204,1
LF:12
LH:12
BRDA:182,0,0,24
BRDA:182,0,1,1
BRDA:195,1,0,1
BRDA:195,1,1,1
BRDA:200,2,0,1
BRDA:200,2,1,1
BRF:6
BRH:6
end_of_record
TN:
SF:C:\dev\project\web\fairsharing.github.io\src\store\introspector.js
FN:17,(anonymous_0)
FN:22,(anonymous_1)
FN:23,(anonymous_2)
FN:31,(anonymous_3)
FN:38,(anonymous_4)
FN:38,(anonymous_5)
FN:40,(anonymous_6)
FN:41,(anonymous_7)
FN:51,(anonymous_8)
FN:74,(anonymous_9)
FNF:10
FNH:10
FNDA:3,(anonymous_0)
FNDA:2,(anonymous_1)
FNDA:2,(anonymous_2)
FNDA:3,(anonymous_3)
FNDA:1,(anonymous_4)
FNDA:23,(anonymous_5)
FNDA:34,(anonymous_6)
FNDA:89,(anonymous_7)
FNDA:6,(anonymous_8)
FNDA:24,(anonymous_9)
DA:4,2
DA:10,2
DA:18,3
DA:19,3
DA:20,1
DA:22,3
DA:23,2
DA:26,1
DA:32,3
DA:33,3
DA:38,1
DA:39,23
DA:40,23
DA:41,89
DA:42,29
DA:44,21
DA:45,15
DA:47,6
DA:48,6
DA:49,6
DA:50,6
DA:51,3
DA:52,6
DA:55,3
DA:59,10
DA:74,2
DA:75,24
DA:76,3
DA:77,21
DA:78,3
DA:80,18
LF:31
LH:31
BRDA:19,0,0,1
BRDA:19,0,1,2
BRDA:44,1,0,15
BRDA:44,1,1,6
BRDA:50,2,0,3
BRDA:50,2,1,3
BRDA:75,3,0,3
BRDA:75,3,1,21
BRDA:77,4,0,3
BRDA:77,4,1,18
BRF:10
BRH:10
end_of_record
TN:
SF:C:\dev\project\web\fairsharing.github.io\src\store\records.js
FN:24,(anonymous_0)
FN:30,(anonymous_1)
FN:34,(anonymous_2)
FN:37,(anonymous_3)
FN:40,(anonymous_4)
FN:43,(anonymous_5)
FN:46,(anonymous_6)
FN:51,(anonymous_7)
FN:60,(anonymous_8)
FN:68,(anonymous_9)
FN:73,(anonymous_10)
FN:76,(anonymous_11)
FN:83,(anonymous_12)
FN:83,(anonymous_13)
FN:84,(anonymous_14)
FN:100,(anonymous_15)
FN:104,(anonymous_16)
FN:107,(anonymous_17)
FNF:18
FNH:18
FNDA:5,(anonymous_0)
FNDA:15,(anonymous_1)
FNDA:10,(anonymous_2)
FNDA:1,(anonymous_3)
FNDA:11,(anonymous_4)
FNDA:1,(anonymous_5)
FNDA:14,(anonymous_6)
FNDA:14,(anonymous_7)
FNDA:11,(anonymous_8)
FNDA:1,(anonymous_9)
FNDA:1,(anonymous_10)
FNDA:1,(anonymous_11)
FNDA:1,(anonymous_12)
FNDA:40,(anonymous_13)
FNDA:60,(anonymous_14)
FNDA:5,(anonymous_15)
FNDA:15,(anonymous_16)
FNDA:15,(anonymous_17)
DA:7,6
DA:13,6
DA:25,5
DA:26,5
DA:27,5
DA:28,5
DA:31,15
DA:32,15
DA:35,10
DA:38,1
DA:41,11
DA:44,1
DA:47,14
DA:52,14
DA:53,14
DA:54,14
DA:55,2
DA:57,14
DA:58,5
DA:61,11
DA:62,11
DA:65,11
DA:66,10
DA:69,1
DA:70,1
DA:71,1
DA:74,1
DA:77,1
DA:83,1
DA:84,60
DA:85,40
DA:86,40
DA:100,6
DA:101,5
DA:102,5
DA:104,5
DA:105,15
DA:106,10
DA:107,10
DA:108,15
DA:109,5
DA:112,10
DA:113,10
DA:116,5
LF:44
LH:44
BRDA:54,0,0,2
BRDA:54,0,1,12
BRDA:105,1,0,10
BRDA:105,1,1,5
BRDA:108,2,0,5
BRDA:108,2,1,10
BRF:6
BRH:6
end_of_record
TN:
SF:C:\dev\project\web\fairsharing.github.io\src\store\searchFilters.js
FN:15,(anonymous_0)
FN:23,(anonymous_1)
FN:37,(anonymous_2)
FN:42,(anonymous_3)
FN:49,(anonymous_4)
FN:56,(anonymous_5)
FNF:6
FNH:6
FNDA:4,(anonymous_0)
FNDA:4,(anonymous_1)
FNDA:1,(anonymous_2)
FNDA:1,(anonymous_3)
FNDA:4,(anonymous_4)
FNDA:4,(anonymous_5)
DA:9,2
DA:16,4
DA:17,1
DA:18,1
DA:24,4
DA:37,2
DA:39,1
DA:42,1
DA:43,1
DA:44,1
DA:47,1
DA:49,1
DA:50,4
DA:51,3
DA:52,3
DA:53,3
DA:55,3
DA:56,3
DA:57,4
DA:60,1
DA:63,3
DA:66,3
DA:67,3
DA:70,1
LF:24
LH:24
BRDA:16,0,0,1
BRDA:16,0,1,3
BRDA:50,1,0,3
BRDA:50,1,1,1
BRDA:57,2,0,1
BRDA:57,2,1,3
BRF:6
BRH:6
end_of_record
TN:
SF:C:\dev\project\web\fairsharing.github.io\src\store\users.js
FN:9,(anonymous_0)
FN:26,(anonymous_1)
FN:32,(anonymous_2)
FN:42,(anonymous_3)
FN:69,(anonymous_4)
FN:92,(anonymous_5)
FNF:6
FNH:6
FNDA:2,(anonymous_0)
FNDA:1,(anonymous_1)
FNDA:2,(anonymous_2)
FNDA:6,(anonymous_3)
FNDA:2,(anonymous_4)
FNDA:3,(anonymous_5)
DA:3,6
DA:5,6
DA:10,2
DA:11,2
DA:12,1
DA:13,1
DA:14,1
DA:15,1
DA:16,1
DA:17,1
DA:18,1
DA:19,1
DA:22,1
DA:27,1
DA:28,1
DA:29,1
DA:30,1
DA:33,2
DA:34,2
DA:35,2
DA:36,2
DA:37,2
DA:41,6
DA:43,6
DA:44,3
DA:45,2
DA:46,2
DA:53,3
DA:54,1
DA:57,2
DA:61,2
DA:62,2
DA:70,2
DA:71,2
DA:75,6
DA:92,6
DA:93,3
DA:94,3
LF:38
LH:38
BRDA:11,0,0,1
BRDA:11,0,1,1
BRDA:43,1,0,3
BRDA:43,1,1,3
BRDA:44,2,0,2
BRDA:44,2,1,1
BRDA:53,3,0,1
BRDA:53,3,1,2
BRF:8
BRH:8
end_of_record
TN:
SF:C:\dev\project\web\fairsharing.github.io\src\views\Records\Record.vue
FN:116,(anonymous_1)
FN:124,(anonymous_2)
FN:131,(anonymous_3)
FN:135,(anonymous_4)
FN:136,(anonymous_5)
FN:145,(anonymous_6)
FN:152,(anonymous_7)
FN:168,(anonymous_8)
FN:176,(anonymous_9)
FNF:9
FNH:9
FNDA:6,(anonymous_1)
FNDA:10,(anonymous_2)
FNDA:4,(anonymous_3)
FNDA:6,(anonymous_4)
FNDA:6,(anonymous_5)
FNDA:11,(anonymous_6)
FNDA:11,(anonymous_7)
FNDA:1,(anonymous_8)
FNDA:10,(anonymous_9)
DA:102,2
DA:103,2
DA:117,6
DA:125,10
DA:132,4
DA:136,6
DA:137,6
DA:138,6
DA:146,11
DA:153,11
DA:154,11
DA:155,11
DA:156,11
DA:159,1
DA:161,11
DA:169,1
DA:177,10
LF:17
LH:17
BRF:0
BRH:0
end_of_record
TN:
SF:C:\dev\project\web\fairsharing.github.io\src\views\Records\Records.vue
FN:100,(anonymous_1)
FN:107,(anonymous_2)
FN:114,(anonymous_3)
FN:128,(anonymous_4)
FN:132,(anonymous_5)
FN:133,(anonymous_6)
FN:137,(anonymous_7)
FN:138,(anonymous_8)
FN:140,(anonymous_9)
FN:147,(anonymous_10)
FN:162,(anonymous_11)
FN:170,(anonymous_12)
FN:177,(anonymous_13)
FNF:13
FNH:13
FNDA:8,(anonymous_1)
FNDA:21,(anonymous_2)
FNDA:76,(anonymous_3)
FNDA:13,(anonymous_4)
FNDA:8,(anonymous_5)
FNDA:8,(anonymous_6)
FNDA:1,(anonymous_7)
FNDA:1,(anonymous_8)
FNDA:1,(anonymous_9)
FNDA:22,(anonymous_10)
FNDA:22,(anonymous_11)
FNDA:1,(anonymous_12)
FNDA:21,(anonymous_13)
DA:76,2
DA:77,2
DA:78,2
DA:79,2
DA:80,2
DA:81,2
DA:82,2
DA:101,8
DA:108,21
DA:109,21
DA:111,21
DA:113,21
DA:114,21
DA:115,76
DA:116,76
DA:117,70
DA:120,21
DA:121,21
DA:129,13
DA:133,8
DA:134,8
DA:138,1
DA:140,1
DA:148,22
DA:149,22
DA:151,22
DA:152,22
DA:154,13
DA:163,22
DA:171,1
DA:178,21
DA:179,6
DA:181,15
LF:33
LH:33
BRDA:108,0,0,6
BRDA:108,0,1,15
BRDA:116,1,0,70
BRDA:116,1,1,6
BRDA:178,2,0,6
BRDA:178,2,1,15
BRF:6
BRH:6
end_of_record
TN:
SF:C:\dev\project\web\fairsharing.github.io\src\views\Static\Community\Community.vue
FN:20,(anonymous_1)
FNF:1
FNH:1
FNDA:1,(anonymous_1)
DA:21,1
LF:1
LH:1
BRF:0
BRH:0
end_of_record
TN:
SF:C:\dev\project\web\fairsharing.github.io\src\views\Users\ConfirmAccount.vue
FN:21,(anonymous_1)
FN:30,(anonymous_2)
FN:37,(anonymous_3)
FNF:3
FNH:3
FNDA:2,(anonymous_1)
FNDA:2,(anonymous_2)
FNDA:2,(anonymous_3)
DA:16,2
DA:17,2
DA:22,2
DA:31,2
DA:32,1
DA:34,1
DA:38,2
DA:39,2
DA:40,1
DA:43,1
DA:44,1
LF:11
LH:11
BRDA:31,0,0,1
BRDA:31,0,1,1
BRDA:39,1,0,1
BRDA:39,1,1,1
BRF:4
BRH:4
end_of_record
TN:
SF:C:\dev\project\web\fairsharing.github.io\src\views\Users\Login.vue
FN:105,(anonymous_1)
FN:109,(anonymous_2)
FN:117,(anonymous_3)
FN:120,(anonymous_4)
FN:129,(anonymous_5)
FN:138,(anonymous_6)
FNF:6
FNH:6
FNDA:14,(anonymous_1)
FNDA:4,(anonymous_2)
FNDA:10,(anonymous_3)
FNDA:3,(anonymous_4)
FNDA:2,(anonymous_5)
FNDA:1,(anonymous_6)
DA:97,2
DA:106,14
DA:110,4
DA:118,10
DA:121,3
DA:130,2
DA:134,2
DA:136,2
DA:139,1
DA:140,1
LF:10
LH:10
BRF:0
BRH:0
end_of_record
TN:
SF:C:\dev\project\web\fairsharing.github.io\src\views\Users\Signup.vue
FNF:0
FNH:0
DA:12,1
LF:1
LH:1
BRF:0
BRH:0
end_of_record
TN:
SF:C:\dev\project\web\fairsharing.github.io\src\views\Users\User.vue
FN:31,(anonymous_1)
FN:37,(anonymous_2)
FN:44,(anonymous_3)
FN:48,(anonymous_4)
FNF:4
FNH:4
FNDA:2,(anonymous_1)
FNDA:2,(anonymous_2)
FNDA:1,(anonymous_3)
FNDA:1,(anonymous_4)
DA:20,2
DA:21,2
DA:22,2
DA:23,2
DA:26,2
DA:27,2
DA:32,2
DA:38,2
DA:39,2
DA:40,2
DA:45,1
DA:46,1
DA:49,1
LF:13
LH:13
BRF:0
BRH:0
end_of_record
