TN:
SF:C:\Users\Dominique Batista\Desktop\Work in Progress\fairsharing.github.io\src\App.vue
FNF:0
FNH:0
DA:11,1
DA:12,1
LF:2
LH:2
BRF:0
BRH:0
end_of_record
TN:
SF:C:\Users\Dominique Batista\Desktop\Work in Progress\fairsharing.github.io\src\documentation\documentation_postprocess.js
FN:11,(anonymous_0)
FN:23,(anonymous_1)
FN:27,(anonymous_2)
FN:40,(anonymous_3)
FN:60,(anonymous_4)
FNF:5
FNH:5
FNDA:4,(anonymous_0)
FNDA:1,(anonymous_1)
FNDA:2,(anonymous_2)
FNDA:4,(anonymous_3)
FNDA:3,(anonymous_4)
DA:7,1
DA:12,4
DA:13,4
DA:14,4
DA:15,4
DA:16,4
DA:17,4
DA:24,1
DA:25,1
DA:26,1
DA:27,1
DA:28,2
DA:29,2
DA:30,2
DA:31,2
DA:32,2
DA:33,2
DA:41,4
DA:42,4
DA:43,8
DA:44,8
DA:47,6
DA:48,6
DA:50,8
DA:51,2
DA:61,3
DA:62,3
DA:63,3
DA:64,3
DA:65,3
DA:69,1
LF:31
LH:31
BRDA:44,0,0,6
BRDA:44,0,1,2
BRDA:44,1,0,8
BRDA:44,1,1,6
BRDA:44,1,2,4
BRDA:44,1,3,6
BRDA:50,2,0,2
BRDA:50,2,1,6
BRF:8
BRH:8
end_of_record
TN:
SF:C:\Users\Dominique Batista\Desktop\Work in Progress\fairsharing.github.io\src\pages\Search\Record.vue
FN:17,(anonymous_1)
FN:24,(anonymous_2)
FN:30,(anonymous_3)
FNF:3
FNH:3
FNDA:3,(anonymous_1)
FNDA:4,(anonymous_2)
FNDA:3,(anonymous_3)
DA:18,3
DA:25,4
DA:31,3
LF:3
LH:3
BRF:0
BRH:0
end_of_record
TN:
SF:C:\Users\Dominique Batista\Desktop\Work in Progress\fairsharing.github.io\src\pages\Search\Records.vue
FN:17,(anonymous_1)
FN:25,(anonymous_2)
FN:36,(anonymous_3)
FNF:3
FNH:3
FNDA:3,(anonymous_1)
FNDA:3,(anonymous_2)
FNDA:5,(anonymous_3)
DA:10,2
DA:18,3
DA:26,3
DA:37,6
DA:38,4
LF:5
LH:5
BRDA:37,0,0,1
BRDA:37,0,1,4
BRF:2
BRH:2
end_of_record
TN:
SF:C:\Users\Dominique Batista\Desktop\Work in Progress\fairsharing.github.io\src\pages\Search\SearchOutputTable.vue
FN:34,(anonymous_1)
FNF:1
FNH:1
FNDA:3,(anonymous_1)
DA:35,3
LF:1
LH:1
BRF:0
BRH:0
end_of_record
TN:
SF:C:\Users\Dominique Batista\Desktop\Work in Progress\fairsharing.github.io\src\pages\Static\Community\Community.vue
FN:12,(anonymous_1)
FNF:1
FNH:1
FNDA:1,(anonymous_1)
DA:13,1
LF:1
LH:1
BRF:0
BRH:0
end_of_record
TN:
SF:C:\Users\Dominique Batista\Desktop\Work in Progress\fairsharing.github.io\src\router\routes.js
FNF:0
FNH:0
DA:25,1
DA:149,1
DA:150,21
DA:151,20
DA:152,20
LF:5
LH:5
BRDA:150,0,0,20
BRDA:150,0,1,1
BRF:2
BRH:2
end_of_record
